<?xml version="1.0" encoding="UTF-8"?>
<!-- Generated by org.testng.reporters.JUnitReportReporter -->
<testsuite hostname="DESKTOP-RSFGGM3" failures="0" tests="6" name="com.mohs10.scripts.HomeTest" time="51.130" errors="0" timestamp="2022-11-09T22:31:00 IST" skipped="0">
  <testcase classname="com.mohs10.scripts.HomeTest" name="LoginPageTestCase" time="12.708"/>
  <system-out/>
  <testcase classname="com.mohs10.scripts.HomeTest" name="CategoriesTest" time="9.032"/>
  <system-out/>
  <testcase classname="com.mohs10.scripts.HomeTest" name="CategoriesTet" time="9.173"/>
  <system-out/>
  <testcase classname="com.mohs10.scripts.HomeTest" name="CategoriesTe" time="10.375"/>
  <system-out/>
  <testcase classname="com.mohs10.scripts.HomeTest" name="BillingNewaddclickmethod" time="4.146"/>
  <system-out/>
  <testcase classname="com.mohs10.scripts.HomeTest" name="Billingaddclickmethod" time="5.696"/>
  <system-out/>
</testsuite> <!-- com.mohs10.scripts.HomeTest -->
