<?xml version="1.0" encoding="UTF-8"?>
<!-- Generated by org.testng.reporters.JUnitReportReporter -->
<testsuite hostname="DESKTOP-RSFGGM3" failures="0" tests="6" name="com.mohs10.scripts.HomeTest" time="46.841" errors="0" timestamp="2022-11-10T18:43:18 IST" skipped="0">
  <testcase classname="com.mohs10.scripts.HomeTest" name="LoginPageTestCase" time="11.226"/>
  <system-out/>
  <testcase classname="com.mohs10.scripts.HomeTest" name="CategoriesTest" time="8.759"/>
  <system-out/>
  <testcase classname="com.mohs10.scripts.HomeTest" name="CategoriesTet" time="8.977"/>
  <system-out/>
  <testcase classname="com.mohs10.scripts.HomeTest" name="CategoriesTe" time="8.111"/>
  <system-out/>
  <testcase classname="com.mohs10.scripts.HomeTest" name="BillingNewaddclickmethod" time="4.142"/>
  <system-out/>
  <testcase classname="com.mohs10.scripts.HomeTest" name="Billingaddclickmethod" time="5.626"/>
  <system-out/>
</testsuite> <!-- com.mohs10.scripts.HomeTest -->
