<?xml version="1.0" encoding="UTF-8"?>
<!-- Generated by org.testng.reporters.JUnitReportReporter -->
<testsuite hostname="DESKTOP-RSFGGM3" failures="0" tests="1" name="com.mohs10.getData.getdata" time="3.163" errors="0" timestamp="2022-11-09T22:31:00 IST" skipped="0">
  <testcase classname="com.mohs10.getData.getdata" name="testResponsecode" time="3.163"/>
  <system-out/>
</testsuite> <!-- com.mohs10.getData.getdata -->
